<?xml version='1.0' encoding='UTF-8'?>
<testsuite hostname="DESKTOP-2S5516D" name="simpret.MainTestLab1" tests="19" errors="0" failures="1" skipped="0" time="0.129">
                     <properties>
[...]
</properties>
                     <testcase classname="simpret.MainTestLab1" name="sint" time="0.079">
                                                 
                                               </testcase><testcase classname="simpret.MainTestLab1" name="sint" time="0.005">
                                                 
                                               </testcase><testcase classname="simpret.MainTestLab1" name="sint" time="0.003">
                                                 
                                               </testcase><testcase classname="simpret.MainTestLab1" name="sint" time="0.002">
                                                 
                                               </testcase><testcase classname="simpret.MainTestLab1" name="sint" time="0.004">
                                                 
                                               </testcase><testcase classname="simpret.MainTestLab1" name="sint" time="0.005">
                                                 
                                               </testcase><testcase classname="simpret.MainTestLab1" name="sint" time="0.006">
                                                 
                                               </testcase><testcase classname="simpret.MainTestLab1" name="sint" time="0.003">
                                                 
                                               </testcase><testcase classname="simpret.MainTestLab1" name="sint" time="0.002">
                                                 
                                               </testcase><testcase classname="simpret.MainTestLab1" name="sint" time="0.003">
                                                 
                                               </testcase><testcase classname="simpret.MainTestLab1" name="sint" time="0.002">
                                                 
                                               </testcase><testcase classname="simpret.MainTestLab1" name="sint" time="0.002">
                                                 
                                               </testcase><testcase classname="simpret.MainTestLab1" name="sint" time="0.001">
                                                 
                                               </testcase><testcase classname="simpret.MainTestLab1" name="sint" time="0.002">
                                                 
                                               </testcase><testcase classname="simpret.MainTestLab1" name="sint" time="0.005">
                                                 
                                               </testcase><testcase classname="simpret.MainTestLab1" name="sint" time="0.002">
                                                 <failure message="variable (y) has been captured during substitution" type="simpret.interpreter.VariableCapturedEvaluationException">simpret.interpreter.VariableCapturedEvaluationException: variable (y) has been captured during substitution
	at simpret.interpreter.Interpreter$.errVarCap(Interpreter.scala:16)
	at simpret.interpreter.Interpreter$.substitute(Interpreter.scala:55)
	at simpret.interpreter.Interpreter$.step(Interpreter.scala:123)
	at simpret.interpreter.Interpreter$.step(Interpreter.scala:115)
	at simpret.interpreter.Interpreter$.eval(Interpreter.scala:187)
	at simpret.MainTestInterpreter.fixAutoTest(MainTestInterpreter.scala:111)
	at simpret.MainTestInterpreter.fixAutoTestNoTypeCheck(MainTestInterpreter.scala:93)
	at simpret.MainTestLab1.$anonfun$new$4(MainTestLab1.scala:28)
	at org.scalatest.OutcomeOf.outcomeOf(OutcomeOf.scala:85)
	at org.scalatest.OutcomeOf.outcomeOf$(OutcomeOf.scala:83)
	at org.scalatest.OutcomeOf$.outcomeOf(OutcomeOf.scala:104)
	at org.scalatest.Transformer.apply(Transformer.scala:22)
	at org.scalatest.Transformer.apply(Transformer.scala:20)
	at org.scalatest.FunSuiteLike$$anon$1.apply(FunSuiteLike.scala:186)
	at org.scalatest.TestSuite.withFixture(TestSuite.scala:196)
	at org.scalatest.TestSuite.withFixture$(TestSuite.scala:195)
	at org.scalatest.FunSuite.withFixture(FunSuite.scala:1560)
	at org.scalatest.FunSuiteLike.invokeWithFixture$1(FunSuiteLike.scala:184)
	at org.scalatest.FunSuiteLike.$anonfun$runTest$1(FunSuiteLike.scala:196)
	at org.scalatest.SuperEngine.runTestImpl(Engine.scala:289)
	at org.scalatest.FunSuiteLike.runTest(FunSuiteLike.scala:196)
	at org.scalatest.FunSuiteLike.runTest$(FunSuiteLike.scala:178)
	at org.scalatest.FunSuite.runTest(FunSuite.scala:1560)
	at org.scalatest.FunSuiteLike.$anonfun$runTests$1(FunSuiteLike.scala:229)
	at org.scalatest.SuperEngine.$anonfun$runTestsInBranch$1(Engine.scala:396)
	at scala.collection.immutable.List.foreach(List.scala:392)
	at org.scalatest.SuperEngine.traverseSubNodes$1(Engine.scala:384)
	at org.scalatest.SuperEngine.runTestsInBranch(Engine.scala:379)
	at org.scalatest.SuperEngine.runTestsImpl(Engine.scala:461)
	at org.scalatest.FunSuiteLike.runTests(FunSuiteLike.scala:229)
	at org.scalatest.FunSuiteLike.runTests$(FunSuiteLike.scala:228)
	at org.scalatest.FunSuite.runTests(FunSuite.scala:1560)
	at org.scalatest.Suite.run(Suite.scala:1147)
	at org.scalatest.Suite.run$(Suite.scala:1129)
	at org.scalatest.FunSuite.org$scalatest$FunSuiteLike$$super$run(FunSuite.scala:1560)
	at org.scalatest.FunSuiteLike.$anonfun$run$1(FunSuiteLike.scala:233)
	at org.scalatest.SuperEngine.runImpl(Engine.scala:521)
	at org.scalatest.FunSuiteLike.run(FunSuiteLike.scala:233)
	at org.scalatest.FunSuiteLike.run$(FunSuiteLike.scala:232)
	at org.scalatest.FunSuite.run(FunSuite.scala:1560)
	at org.scalatest.tools.Framework.org$scalatest$tools$Framework$$runSuite(Framework.scala:314)
	at org.scalatest.tools.Framework$ScalaTestTask.execute(Framework.scala:507)
	at sbt.TestRunner.runTest$1(TestFramework.scala:106)
	at sbt.TestRunner.run(TestFramework.scala:117)
	at sbt.TestFramework$$anon$2$$anonfun$$lessinit$greater$1.$anonfun$apply$1(TestFramework.scala:262)
	at sbt.TestFramework$.sbt$TestFramework$$withContextLoader(TestFramework.scala:233)
	at sbt.TestFramework$$anon$2$$anonfun$$lessinit$greater$1.apply(TestFramework.scala:262)
	at sbt.TestFramework$$anon$2$$anonfun$$lessinit$greater$1.apply(TestFramework.scala:262)
	at sbt.TestFunction.apply(TestFramework.scala:271)
	at sbt.Tests$.$anonfun$toTask$1(Tests.scala:281)
	at sbt.std.Transform$$anon$3.$anonfun$apply$2(System.scala:46)
	at sbt.std.Transform$$anon$4.work(System.scala:66)
	at sbt.Execute.$anonfun$submit$2(Execute.scala:262)
	at sbt.internal.util.ErrorHandling$.wideConvert(ErrorHandling.scala:16)
	at sbt.Execute.work(Execute.scala:271)
	at sbt.Execute.$anonfun$submit$1(Execute.scala:262)
	at sbt.ConcurrentRestrictions$$anon$4.$anonfun$submitValid$1(ConcurrentRestrictions.scala:174)
	at sbt.CompletionService$$anon$2.call(CompletionService.scala:36)
	at java.base/java.util.concurrent.FutureTask.run(FutureTask.java:264)
	at java.base/java.util.concurrent.Executors$RunnableAdapter.call(Executors.java:515)
	at java.base/java.util.concurrent.FutureTask.run(FutureTask.java:264)
	at java.base/java.util.concurrent.ThreadPoolExecutor.runWorker(ThreadPoolExecutor.java:1128)
	at java.base/java.util.concurrent.ThreadPoolExecutor$Worker.run(ThreadPoolExecutor.java:628)
	at java.base/java.lang.Thread.run(Thread.java:834)
</failure>
                                               </testcase><testcase classname="simpret.MainTestLab1" name="TestCaseLab1 0 COND" time="0.002">
                                                 
                                               </testcase><testcase classname="simpret.MainTestLab1" name="TestCaseLab1 1 ABC" time="0.0">
                                                 
                                               </testcase><testcase classname="simpret.MainTestLab1" name="TestCaseLab1 2 XYZ" time="0.001">
                                                 
                                               </testcase>
                     <system-out><![CDATA[]]></system-out>
                     <system-err><![CDATA[]]></system-err>
                   </testsuite>